<?xml version="1.0" encoding="UTF-8"?>
<!-- Generated by org.testng.reporters.JUnitReportReporter -->
<testsuite hostname="DESKTOP-UM2MPT8" failures="0" tests="10" name="TestSenarios.CommentsAppTest" time="45.294" errors="0" timestamp="2023-09-16T21:03:24 IST" skipped="0">
  <testcase classname="TestSenarios.CommentsAppTest" name="CommentsAppUI" time="2.351"/>
  <system-out/>
  <testcase classname="TestSenarios.CommentsAppTest" name="CommentCounter" time="4.083"/>
  <system-out/>
  <testcase classname="TestSenarios.CommentsAppTest" name="TestCommentInitials" time="2.876"/>
  <system-out/>
  <testcase classname="TestSenarios.CommentsAppTest" name="TestCommentInitials" time="2.894"/>
  <system-out/>
  <testcase classname="TestSenarios.CommentsAppTest" name="TestCommentInitials" time="3.140"/>
  <system-out/>
  <testcase classname="TestSenarios.CommentsAppTest" name="TestCommentInitials" time="2.877"/>
  <system-out/>
  <testcase classname="TestSenarios.CommentsAppTest" name="TestCommentInitials" time="3.266"/>
  <system-out/>
  <testcase classname="TestSenarios.CommentsAppTest" name="TestCommentAndOrder" time="13.718"/>
  <system-out/>
  <testcase classname="TestSenarios.CommentsAppTest" name="TestLike" time="5.032"/>
  <system-out/>
  <testcase classname="TestSenarios.CommentsAppTest" name="TestDeleteFunctionality" time="5.057"/>
  <system-out/>
</testsuite> <!-- TestSenarios.CommentsAppTest -->
